Build started 5/2/2014 10:07:59 PM.
     1>Project "D:\Projects\CPSC43399.FinalProject\dxgeisert.hmwk.4\dxgeisert.hmwk.4.vcxproj" on node 2 (Build target(s)).
     1>ClCompile:
         C:\Program Files (x86)\Microsoft Visual Studio 11.0\VC\bin\CL.exe /c /ZI /nologo /W3 /WX- /sdl /Od /Oy- /D _MBCS /Gm- /EHsc /RTC1 /MDd /GS /fp:precise /Zc:wchar_t /Zc:forScope /Fo"Debug\\" /Fd"Debug\vc110.pdb" /Gd /TP /analyze- /errorReport:prompt ArtAssetLibrary.cpp Box2DDebugDraw.cpp Box2D\Box2D\Collision\b2BroadPhase.cpp Box2D\Box2D\Collision\b2CollideCircle.cpp Box2D\Box2D\Collision\b2CollideEdge.cpp Box2D\Box2D\Collision\b2CollidePolygon.cpp Box2D\Box2D\Collision\b2Collision.cpp Box2D\Box2D\Collision\b2Distance.cpp Box2D\Box2D\Collision\b2DynamicTree.cpp Box2D\Box2D\Collision\b2TimeOfImpact.cpp Box2D\Box2D\Collision\Shapes\b2ChainShape.cpp Box2D\Box2D\Collision\Shapes\b2CircleShape.cpp Box2D\Box2D\Collision\Shapes\b2EdgeShape.cpp Box2D\Box2D\Collision\Shapes\b2PolygonShape.cpp Box2D\Box2D\Common\b2BlockAllocator.cpp Box2D\Box2D\Common\b2Draw.cpp Box2D\Box2D\Common\b2Math.cpp Box2D\Box2D\Common\b2Settings.cpp Box2D\Box2D\Common\b2StackAllocator.cpp Box2D\Box2D\Common\b2Timer.cpp Box2D\Box2D\Dynamics\b2Body.cpp Box2D\Box2D\Dynamics\b2ContactManager.cpp Box2D\Box2D\Dynamics\b2Fixture.cpp Box2D\Box2D\Dynamics\b2Island.cpp Box2D\Box2D\Dynamics\b2World.cpp Box2D\Box2D\Dynamics\b2WorldCallbacks.cpp Box2D\Box2D\Dynamics\Contacts\b2ChainAndCircleContact.cpp Box2D\Box2D\Dynamics\Contacts\b2ChainAndPolygonContact.cpp Box2D\Box2D\Dynamics\Contacts\b2CircleContact.cpp Box2D\Box2D\Dynamics\Contacts\b2Contact.cpp Box2D\Box2D\Dynamics\Contacts\b2ContactSolver.cpp Box2D\Box2D\Dynamics\Contacts\b2EdgeAndCircleContact.cpp Box2D\Box2D\Dynamics\Contacts\b2EdgeAndPolygonContact.cpp Box2D\Box2D\Dynamics\Contacts\b2PolygonAndCircleContact.cpp Box2D\Box2D\Dynamics\Contacts\b2PolygonContact.cpp Box2D\Box2D\Dynamics\Joints\b2DistanceJoint.cpp Box2D\Box2D\Dynamics\Joints\b2FrictionJoint.cpp Box2D\Box2D\Dynamics\Joints\b2GearJoint.cpp Box2D\Box2D\Dynamics\Joints\b2Joint.cpp Box2D\Box2D\Dynamics\Joints\b2MotorJoint.cpp Box2D\Box2D\Dynamics\Joints\b2MouseJoint.cpp Box2D\Box2D\Dynamics\Joints\b2PrismaticJoint.cpp Box2D\Box2D\Dynamics\Joints\b2PulleyJoint.cpp Box2D\Box2D\Dynamics\Joints\b2RevoluteJoint.cpp Box2D\Box2D\Dynamics\Joints\b2RopeJoint.cpp Box2D\Box2D\Dynamics\Joints\b2WeldJoint.cpp Box2D\Box2D\Dynamics\Joints\b2WheelJoint.cpp Box2D\Box2D\Rope\b2Rope.cpp Game.cpp GameAssetLibrary.cpp GameObject.cpp GamePhysics.cpp GameSprite.cpp GraphicsDevice.cpp InputDevice.cpp LevelParser.cpp Main.cpp PhysicsAssetLibrary.cpp Player.cpp PlayerFactory.cpp TinyXml\tinystr.cpp TinyXml\tinyxml.cpp TinyXml\tinyxmlerror.cpp TinyXml\tinyxmlparser.cpp View.cpp
         ArtAssetLibrary.cpp
         Box2DDebugDraw.cpp
         b2BroadPhase.cpp
         b2CollideCircle.cpp
         b2CollideEdge.cpp
         b2CollidePolygon.cpp
         b2Collision.cpp
         b2Distance.cpp
         b2DynamicTree.cpp
         b2TimeOfImpact.cpp
         b2ChainShape.cpp
         b2CircleShape.cpp
         b2EdgeShape.cpp
         b2PolygonShape.cpp
         b2BlockAllocator.cpp
         b2Draw.cpp
         b2Math.cpp
         b2Settings.cpp
         b2StackAllocator.cpp
         b2Timer.cpp
         Generating Code...
         Compiling...
         b2Body.cpp
         b2ContactManager.cpp
         b2Fixture.cpp
         b2Island.cpp
         b2World.cpp
         b2WorldCallbacks.cpp
         b2ChainAndCircleContact.cpp
         b2ChainAndPolygonContact.cpp
         b2CircleContact.cpp
         b2Contact.cpp
         b2ContactSolver.cpp
         b2EdgeAndCircleContact.cpp
         b2EdgeAndPolygonContact.cpp
         b2PolygonAndCircleContact.cpp
         b2PolygonContact.cpp
         b2DistanceJoint.cpp
         b2FrictionJoint.cpp
         b2GearJoint.cpp
         b2Joint.cpp
         b2MotorJoint.cpp
         Generating Code...
         Compiling...
         b2MouseJoint.cpp
         b2PrismaticJoint.cpp
         b2PulleyJoint.cpp
         b2RevoluteJoint.cpp
         b2RopeJoint.cpp
         b2WeldJoint.cpp
         b2WheelJoint.cpp
         b2Rope.cpp
         Game.cpp
     1>d:\projects\cpsc43399.finalproject\dxgeisert.hmwk.4\game.cpp(129): warning C4804: '>' : unsafe use of type 'bool' in operation
         GameAssetLibrary.cpp
         GameObject.cpp
         GamePhysics.cpp
         GameSprite.cpp
     1>d:\projects\cpsc43399.finalproject\dxgeisert.hmwk.4\gamesprite.cpp(31): warning C4244: '=' : conversion from 'int' to 'float', possible loss of data
     1>d:\projects\cpsc43399.finalproject\dxgeisert.hmwk.4\gamesprite.cpp(32): warning C4244: '=' : conversion from 'int' to 'float', possible loss of data
         GraphicsDevice.cpp
         InputDevice.cpp
         LevelParser.cpp
     1>d:\projects\cpsc43399.finalproject\dxgeisert.hmwk.4\levelparser.cpp(39): warning C4244: 'argument' : conversion from 'float' to 'int', possible loss of data
         Main.cpp
         PhysicsAssetLibrary.cpp
         Player.cpp
         PlayerFactory.cpp
         Generating Code...
         Compiling...
         tinystr.cpp
         tinyxml.cpp
         tinyxmlerror.cpp
         tinyxmlparser.cpp
         View.cpp
         Generating Code...
       Link:
         C:\Program Files (x86)\Microsoft Visual Studio 11.0\VC\bin\link.exe /ERRORREPORT:PROMPT /OUT:"D:\Projects\CPSC43399.FinalProject\Debug\FinalProject.exe" /INCREMENTAL /NOLOGO d3dx9.lib d3d9.lib dinput8.lib dxguid.lib Box2D.lib kernel32.lib user32.lib gdi32.lib winspool.lib comdlg32.lib advapi32.lib shell32.lib ole32.lib oleaut32.lib uuid.lib odbc32.lib odbccp32.lib /MANIFEST /MANIFESTUAC:"level='asInvoker' uiAccess='false'" /manifest:embed /DEBUG /PDB:"D:\Projects\CPSC43399.FinalProject\Debug\FinalProject.pdb" /TLBID:1 /DYNAMICBASE /NXCOMPAT /IMPLIB:"D:\Projects\CPSC43399.FinalProject\Debug\FinalProject.lib" /MACHINE:X86 Debug\ArtAssetLibrary.obj
         Debug\Box2DDebugDraw.obj
         Debug\b2BroadPhase.obj
         Debug\b2CollideCircle.obj
         Debug\b2CollideEdge.obj
         Debug\b2CollidePolygon.obj
         Debug\b2Collision.obj
         Debug\b2Distance.obj
         Debug\b2DynamicTree.obj
         Debug\b2TimeOfImpact.obj
         Debug\b2ChainShape.obj
         Debug\b2CircleShape.obj
         Debug\b2EdgeShape.obj
         Debug\b2PolygonShape.obj
         Debug\b2BlockAllocator.obj
         Debug\b2Draw.obj
         Debug\b2Math.obj
         Debug\b2Settings.obj
         Debug\b2StackAllocator.obj
         Debug\b2Timer.obj
         Debug\b2Body.obj
         Debug\b2ContactManager.obj
         Debug\b2Fixture.obj
         Debug\b2Island.obj
         Debug\b2World.obj
         Debug\b2WorldCallbacks.obj
         Debug\b2ChainAndCircleContact.obj
         Debug\b2ChainAndPolygonContact.obj
         Debug\b2CircleContact.obj
         Debug\b2Contact.obj
         Debug\b2ContactSolver.obj
         Debug\b2EdgeAndCircleContact.obj
         Debug\b2EdgeAndPolygonContact.obj
         Debug\b2PolygonAndCircleContact.obj
         Debug\b2PolygonContact.obj
         Debug\b2DistanceJoint.obj
         Debug\b2FrictionJoint.obj
         Debug\b2GearJoint.obj
         Debug\b2Joint.obj
         Debug\b2MotorJoint.obj
         Debug\b2MouseJoint.obj
         Debug\b2PrismaticJoint.obj
         Debug\b2PulleyJoint.obj
         Debug\b2RevoluteJoint.obj
         Debug\b2RopeJoint.obj
         Debug\b2WeldJoint.obj
         Debug\b2WheelJoint.obj
         Debug\b2Rope.obj
         Debug\Game.obj
         Debug\GameAssetLibrary.obj
         Debug\GameObject.obj
         Debug\GamePhysics.obj
         Debug\GameSprite.obj
         Debug\GraphicsDevice.obj
         Debug\InputDevice.obj
         Debug\LevelParser.obj
         Debug\Main.obj
         Debug\PhysicsAssetLibrary.obj
         Debug\Player.obj
         Debug\PlayerFactory.obj
         Debug\tinystr.obj
         Debug\tinyxml.obj
         Debug\tinyxmlerror.obj
         Debug\tinyxmlparser.obj
         Debug\View.obj
         dxgeisert.hmwk.4.vcxproj -> D:\Projects\CPSC43399.FinalProject\Debug\FinalProject.exe
     1>Done Building Project "D:\Projects\CPSC43399.FinalProject\dxgeisert.hmwk.4\dxgeisert.hmwk.4.vcxproj" (Build target(s)).

Build succeeded.

Time Elapsed 00:00:16.80
