Build started 4/29/2014 2:42:16 AM.
     1>Project "D:\Projects\dxgeisert.hmwk.3\dxgeisert.hmwk.3\dxgeisert.hmwk.3.vcxproj" on node 2 (Build target(s)).
     1>ClCompile:
         C:\Program Files (x86)\Microsoft Visual Studio 11.0\VC\bin\CL.exe /c /ZI /nologo /W3 /WX- /sdl /Od /Oy- /D _MBCS /Gm- /EHsc /RTC1 /MDd /GS /fp:precise /Zc:wchar_t /Zc:forScope /Fo"Debug\\" /Fd"Debug\vc110.pdb" /Gd /TP /analyze- /errorReport:prompt Agent.cpp
         Agent.cpp
       Link:
         C:\Program Files (x86)\Microsoft Visual Studio 11.0\VC\bin\link.exe /ERRORREPORT:PROMPT /OUT:"D:\Projects\dxgeisert.hmwk.3\Debug\dxgeisert.hmwk.4.exe" /INCREMENTAL /NOLOGO d3dx9.lib d3d9.lib dinput8.lib dxguid.lib Box2D.lib kernel32.lib user32.lib gdi32.lib winspool.lib comdlg32.lib advapi32.lib shell32.lib ole32.lib oleaut32.lib uuid.lib odbc32.lib odbccp32.lib /MANIFEST /MANIFESTUAC:"level='asInvoker' uiAccess='false'" /manifest:embed /DEBUG /PDB:"D:\Projects\dxgeisert.hmwk.3\Debug\dxgeisert.hmwk.4.pdb" /TLBID:1 /DYNAMICBASE /NXCOMPAT /IMPLIB:"D:\Projects\dxgeisert.hmwk.3\Debug\dxgeisert.hmwk.4.lib" /MACHINE:X86 Debug\Agent.obj
         Debug\ArtAssetLibrary.obj
         Debug\Box2DDebugDraw.obj
         Debug\b2BroadPhase.obj
         Debug\b2CollideCircle.obj
         Debug\b2CollideEdge.obj
         Debug\b2CollidePolygon.obj
         Debug\b2Collision.obj
         Debug\b2Distance.obj
         Debug\b2DynamicTree.obj
         Debug\b2TimeOfImpact.obj
         Debug\b2ChainShape.obj
         Debug\b2CircleShape.obj
         Debug\b2EdgeShape.obj
         Debug\b2PolygonShape.obj
         Debug\b2BlockAllocator.obj
         Debug\b2Draw.obj
         Debug\b2Math.obj
         Debug\b2Settings.obj
         Debug\b2StackAllocator.obj
         Debug\b2Timer.obj
         Debug\b2Body.obj
         Debug\b2ContactManager.obj
         Debug\b2Fixture.obj
         Debug\b2Island.obj
         Debug\b2World.obj
         Debug\b2WorldCallbacks.obj
         Debug\b2ChainAndCircleContact.obj
         Debug\b2ChainAndPolygonContact.obj
         Debug\b2CircleContact.obj
         Debug\b2Contact.obj
         Debug\b2ContactSolver.obj
         Debug\b2EdgeAndCircleContact.obj
         Debug\b2EdgeAndPolygonContact.obj
         Debug\b2PolygonAndCircleContact.obj
         Debug\b2PolygonContact.obj
         Debug\b2DistanceJoint.obj
         Debug\b2FrictionJoint.obj
         Debug\b2GearJoint.obj
         Debug\b2Joint.obj
         Debug\b2MotorJoint.obj
         Debug\b2MouseJoint.obj
         Debug\b2PrismaticJoint.obj
         Debug\b2PulleyJoint.obj
         Debug\b2RevoluteJoint.obj
         Debug\b2RopeJoint.obj
         Debug\b2WeldJoint.obj
         Debug\b2WheelJoint.obj
         Debug\b2Rope.obj
         Debug\Bullet.obj
         Debug\BulletFactory.obj
         Debug\Carrier.obj
         Debug\CarrierFactory.obj
         Debug\Environment.obj
         Debug\Game.obj
         Debug\GameAssetLibrary.obj
         Debug\GameObject.obj
         Debug\GamePhysics.obj
         Debug\GameSprite.obj
         Debug\GraphicsDevice.obj
         Debug\Infantry.obj
         Debug\InfantryFactory.obj
         Debug\InputDevice.obj
         Debug\LevelParser.obj
         Debug\Main.obj
         Debug\PhysicsAssetLibrary.obj
         Debug\Player.obj
         Debug\PlayerFactory.obj
         Debug\Rock.obj
         Debug\RockFactory.obj
         Debug\Settings.obj
         Debug\Tank.obj
         Debug\TankFactory.obj
         Debug\tinystr.obj
         Debug\tinyxml.obj
         Debug\tinyxmlerror.obj
         Debug\tinyxmlparser.obj
         Debug\Tree.obj
         Debug\TreeFactory.obj
         Debug\Turret.obj
         Debug\View.obj
         dxgeisert.hmwk.3.vcxproj -> D:\Projects\dxgeisert.hmwk.3\Debug\dxgeisert.hmwk.4.exe
     1>Done Building Project "D:\Projects\dxgeisert.hmwk.3\dxgeisert.hmwk.3\dxgeisert.hmwk.3.vcxproj" (Build target(s)).

Build succeeded.

Time Elapsed 00:00:00.78
