D:\PROJECTS\DXGEISERT.HMWK.4\DXGEISERT.HMWK.4\DEBUG\B2STACKALLOCATOR.OBJ
D:\PROJECTS\DXGEISERT.HMWK.4\DXGEISERT.HMWK.4\DEBUG\B2SETTINGS.OBJ
D:\PROJECTS\DXGEISERT.HMWK.4\DXGEISERT.HMWK.4\DEBUG\B2MATH.OBJ
D:\PROJECTS\DXGEISERT.HMWK.4\DXGEISERT.HMWK.4\DEBUG\B2DRAW.OBJ
D:\PROJECTS\DXGEISERT.HMWK.4\DXGEISERT.HMWK.4\DEBUG\B2BLOCKALLOCATOR.OBJ
D:\PROJECTS\DXGEISERT.HMWK.4\DXGEISERT.HMWK.4\DEBUG\B2POLYGONSHAPE.OBJ
D:\PROJECTS\DXGEISERT.HMWK.4\DXGEISERT.HMWK.4\DEBUG\B2EDGESHAPE.OBJ
D:\PROJECTS\DXGEISERT.HMWK.4\DXGEISERT.HMWK.4\DEBUG\B2CIRCLESHAPE.OBJ
D:\PROJECTS\DXGEISERT.HMWK.4\DXGEISERT.HMWK.4\DEBUG\B2CHAINSHAPE.OBJ
D:\PROJECTS\DXGEISERT.HMWK.4\DXGEISERT.HMWK.4\DEBUG\B2TIMEOFIMPACT.OBJ
D:\PROJECTS\DXGEISERT.HMWK.4\DXGEISERT.HMWK.4\DEBUG\B2DYNAMICTREE.OBJ
D:\PROJECTS\DXGEISERT.HMWK.4\DXGEISERT.HMWK.4\DEBUG\B2DISTANCE.OBJ
D:\PROJECTS\DXGEISERT.HMWK.4\DXGEISERT.HMWK.4\DEBUG\B2COLLISION.OBJ
D:\PROJECTS\DXGEISERT.HMWK.4\DXGEISERT.HMWK.4\DEBUG\B2COLLIDEPOLYGON.OBJ
D:\PROJECTS\DXGEISERT.HMWK.4\DXGEISERT.HMWK.4\DEBUG\B2COLLIDEEDGE.OBJ
D:\PROJECTS\DXGEISERT.HMWK.4\DXGEISERT.HMWK.4\DEBUG\B2COLLIDECIRCLE.OBJ
D:\PROJECTS\DXGEISERT.HMWK.4\DXGEISERT.HMWK.4\DEBUG\B2BROADPHASE.OBJ
D:\PROJECTS\DXGEISERT.HMWK.4\DXGEISERT.HMWK.4\DEBUG\BOX2DDEBUGDRAW.OBJ
D:\PROJECTS\DXGEISERT.HMWK.4\DXGEISERT.HMWK.4\DEBUG\ARTASSETLIBRARY.OBJ
D:\PROJECTS\DXGEISERT.HMWK.4\DXGEISERT.HMWK.4\DEBUG\AGENT.OBJ
D:\PROJECTS\DXGEISERT.HMWK.4\DXGEISERT.HMWK.4\DEBUG\B2JOINT.OBJ
D:\PROJECTS\DXGEISERT.HMWK.4\DXGEISERT.HMWK.4\DEBUG\B2GEARJOINT.OBJ
D:\PROJECTS\DXGEISERT.HMWK.4\DXGEISERT.HMWK.4\DEBUG\B2FRICTIONJOINT.OBJ
D:\PROJECTS\DXGEISERT.HMWK.4\DXGEISERT.HMWK.4\DEBUG\B2DISTANCEJOINT.OBJ
D:\PROJECTS\DXGEISERT.HMWK.4\DXGEISERT.HMWK.4\DEBUG\B2POLYGONCONTACT.OBJ
D:\PROJECTS\DXGEISERT.HMWK.4\DXGEISERT.HMWK.4\DEBUG\B2POLYGONANDCIRCLECONTACT.OBJ
D:\PROJECTS\DXGEISERT.HMWK.4\DXGEISERT.HMWK.4\DEBUG\B2EDGEANDPOLYGONCONTACT.OBJ
D:\PROJECTS\DXGEISERT.HMWK.4\DXGEISERT.HMWK.4\DEBUG\B2EDGEANDCIRCLECONTACT.OBJ
D:\PROJECTS\DXGEISERT.HMWK.4\DXGEISERT.HMWK.4\DEBUG\B2CONTACTSOLVER.OBJ
D:\PROJECTS\DXGEISERT.HMWK.4\DXGEISERT.HMWK.4\DEBUG\B2CONTACT.OBJ
D:\PROJECTS\DXGEISERT.HMWK.4\DXGEISERT.HMWK.4\DEBUG\B2CIRCLECONTACT.OBJ
D:\PROJECTS\DXGEISERT.HMWK.4\DXGEISERT.HMWK.4\DEBUG\B2CHAINANDPOLYGONCONTACT.OBJ
D:\PROJECTS\DXGEISERT.HMWK.4\DXGEISERT.HMWK.4\DEBUG\B2CHAINANDCIRCLECONTACT.OBJ
D:\PROJECTS\DXGEISERT.HMWK.4\DXGEISERT.HMWK.4\DEBUG\B2WORLDCALLBACKS.OBJ
D:\PROJECTS\DXGEISERT.HMWK.4\DXGEISERT.HMWK.4\DEBUG\B2WORLD.OBJ
D:\PROJECTS\DXGEISERT.HMWK.4\DXGEISERT.HMWK.4\DEBUG\B2ISLAND.OBJ
D:\PROJECTS\DXGEISERT.HMWK.4\DXGEISERT.HMWK.4\DEBUG\B2FIXTURE.OBJ
D:\PROJECTS\DXGEISERT.HMWK.4\DXGEISERT.HMWK.4\DEBUG\B2CONTACTMANAGER.OBJ
D:\PROJECTS\DXGEISERT.HMWK.4\DXGEISERT.HMWK.4\DEBUG\B2BODY.OBJ
D:\PROJECTS\DXGEISERT.HMWK.4\DXGEISERT.HMWK.4\DEBUG\B2TIMER.OBJ
D:\PROJECTS\DXGEISERT.HMWK.4\DXGEISERT.HMWK.4\DEBUG\GRAPHICSDEVICE.OBJ
D:\PROJECTS\DXGEISERT.HMWK.4\DXGEISERT.HMWK.4\DEBUG\GAMESPRITE.OBJ
D:\PROJECTS\DXGEISERT.HMWK.4\DXGEISERT.HMWK.4\DEBUG\GAMEPHYSICS.OBJ
D:\PROJECTS\DXGEISERT.HMWK.4\DXGEISERT.HMWK.4\DEBUG\GAMEOBJECT.OBJ
D:\PROJECTS\DXGEISERT.HMWK.4\DXGEISERT.HMWK.4\DEBUG\GAMEASSETLIBRARY.OBJ
D:\PROJECTS\DXGEISERT.HMWK.4\DXGEISERT.HMWK.4\DEBUG\GAME.OBJ
D:\PROJECTS\DXGEISERT.HMWK.4\DXGEISERT.HMWK.4\DEBUG\ENVIRONMENT.OBJ
D:\PROJECTS\DXGEISERT.HMWK.4\DXGEISERT.HMWK.4\DEBUG\CARRIERFACTORY.OBJ
D:\PROJECTS\DXGEISERT.HMWK.4\DXGEISERT.HMWK.4\DEBUG\CARRIER.OBJ
D:\PROJECTS\DXGEISERT.HMWK.4\DXGEISERT.HMWK.4\DEBUG\BULLETFACTORY.OBJ
D:\PROJECTS\DXGEISERT.HMWK.4\DXGEISERT.HMWK.4\DEBUG\BULLET.OBJ
D:\PROJECTS\DXGEISERT.HMWK.4\DXGEISERT.HMWK.4\DEBUG\B2ROPE.OBJ
D:\PROJECTS\DXGEISERT.HMWK.4\DXGEISERT.HMWK.4\DEBUG\B2WHEELJOINT.OBJ
D:\PROJECTS\DXGEISERT.HMWK.4\DXGEISERT.HMWK.4\DEBUG\B2WELDJOINT.OBJ
D:\PROJECTS\DXGEISERT.HMWK.4\DXGEISERT.HMWK.4\DEBUG\B2ROPEJOINT.OBJ
D:\PROJECTS\DXGEISERT.HMWK.4\DXGEISERT.HMWK.4\DEBUG\B2REVOLUTEJOINT.OBJ
D:\PROJECTS\DXGEISERT.HMWK.4\DXGEISERT.HMWK.4\DEBUG\B2PULLEYJOINT.OBJ
D:\PROJECTS\DXGEISERT.HMWK.4\DXGEISERT.HMWK.4\DEBUG\B2PRISMATICJOINT.OBJ
D:\PROJECTS\DXGEISERT.HMWK.4\DXGEISERT.HMWK.4\DEBUG\B2MOUSEJOINT.OBJ
D:\PROJECTS\DXGEISERT.HMWK.4\DXGEISERT.HMWK.4\DEBUG\B2MOTORJOINT.OBJ
D:\PROJECTS\DXGEISERT.HMWK.4\DXGEISERT.HMWK.4\DEBUG\TURRET.OBJ
D:\PROJECTS\DXGEISERT.HMWK.4\DXGEISERT.HMWK.4\DEBUG\TREEFACTORY.OBJ
D:\PROJECTS\DXGEISERT.HMWK.4\DXGEISERT.HMWK.4\DEBUG\TREE.OBJ
D:\PROJECTS\DXGEISERT.HMWK.4\DXGEISERT.HMWK.4\DEBUG\TINYXMLPARSER.OBJ
D:\PROJECTS\DXGEISERT.HMWK.4\DXGEISERT.HMWK.4\DEBUG\TINYXMLERROR.OBJ
D:\PROJECTS\DXGEISERT.HMWK.4\DXGEISERT.HMWK.4\DEBUG\TINYXML.OBJ
D:\PROJECTS\DXGEISERT.HMWK.4\DXGEISERT.HMWK.4\DEBUG\TINYSTR.OBJ
D:\PROJECTS\DXGEISERT.HMWK.4\DXGEISERT.HMWK.4\DEBUG\TANKFACTORY.OBJ
D:\PROJECTS\DXGEISERT.HMWK.4\DXGEISERT.HMWK.4\DEBUG\TANK.OBJ
D:\PROJECTS\DXGEISERT.HMWK.4\DXGEISERT.HMWK.4\DEBUG\SETTINGS.OBJ
D:\PROJECTS\DXGEISERT.HMWK.4\DXGEISERT.HMWK.4\DEBUG\ROCKFACTORY.OBJ
D:\PROJECTS\DXGEISERT.HMWK.4\DXGEISERT.HMWK.4\DEBUG\ROCK.OBJ
D:\PROJECTS\DXGEISERT.HMWK.4\DXGEISERT.HMWK.4\DEBUG\PLAYERFACTORY.OBJ
D:\PROJECTS\DXGEISERT.HMWK.4\DXGEISERT.HMWK.4\DEBUG\PLAYER.OBJ
D:\PROJECTS\DXGEISERT.HMWK.4\DXGEISERT.HMWK.4\DEBUG\PHYSICSASSETLIBRARY.OBJ
D:\PROJECTS\DXGEISERT.HMWK.4\DXGEISERT.HMWK.4\DEBUG\MAIN.OBJ
D:\PROJECTS\DXGEISERT.HMWK.4\DXGEISERT.HMWK.4\DEBUG\LEVELPARSER.OBJ
D:\PROJECTS\DXGEISERT.HMWK.4\DXGEISERT.HMWK.4\DEBUG\INPUTDEVICE.OBJ
D:\PROJECTS\DXGEISERT.HMWK.4\DXGEISERT.HMWK.4\DEBUG\INFANTRYFACTORY.OBJ
D:\PROJECTS\DXGEISERT.HMWK.4\DXGEISERT.HMWK.4\DEBUG\INFANTRY.OBJ
D:\PROJECTS\DXGEISERT.HMWK.4\DXGEISERT.HMWK.4\DEBUG\VIEW.OBJ
D:\PROJECTS\DXGEISERT.HMWK.4\DXGEISERT.HMWK.4\DEBUG\VC110.PDB
D:\PROJECTS\CPSC43399.FINALPROJECT\FINALPROJECT\DEBUG\B2TIMER.OBJ
D:\PROJECTS\CPSC43399.FINALPROJECT\FINALPROJECT\DEBUG\B2STACKALLOCATOR.OBJ
D:\PROJECTS\CPSC43399.FINALPROJECT\FINALPROJECT\DEBUG\B2SETTINGS.OBJ
D:\PROJECTS\CPSC43399.FINALPROJECT\FINALPROJECT\DEBUG\B2MATH.OBJ
D:\PROJECTS\CPSC43399.FINALPROJECT\FINALPROJECT\DEBUG\B2DRAW.OBJ
D:\PROJECTS\CPSC43399.FINALPROJECT\FINALPROJECT\DEBUG\B2BLOCKALLOCATOR.OBJ
D:\PROJECTS\CPSC43399.FINALPROJECT\FINALPROJECT\DEBUG\B2POLYGONSHAPE.OBJ
D:\PROJECTS\CPSC43399.FINALPROJECT\FINALPROJECT\DEBUG\B2EDGESHAPE.OBJ
D:\PROJECTS\CPSC43399.FINALPROJECT\FINALPROJECT\DEBUG\B2CIRCLESHAPE.OBJ
D:\PROJECTS\CPSC43399.FINALPROJECT\FINALPROJECT\DEBUG\B2CHAINSHAPE.OBJ
D:\PROJECTS\CPSC43399.FINALPROJECT\FINALPROJECT\DEBUG\B2TIMEOFIMPACT.OBJ
D:\PROJECTS\CPSC43399.FINALPROJECT\FINALPROJECT\DEBUG\B2DYNAMICTREE.OBJ
D:\PROJECTS\CPSC43399.FINALPROJECT\FINALPROJECT\DEBUG\B2DISTANCE.OBJ
D:\PROJECTS\CPSC43399.FINALPROJECT\FINALPROJECT\DEBUG\B2COLLISION.OBJ
D:\PROJECTS\CPSC43399.FINALPROJECT\FINALPROJECT\DEBUG\B2COLLIDEPOLYGON.OBJ
D:\PROJECTS\CPSC43399.FINALPROJECT\FINALPROJECT\DEBUG\B2COLLIDEEDGE.OBJ
D:\PROJECTS\CPSC43399.FINALPROJECT\FINALPROJECT\DEBUG\B2COLLIDECIRCLE.OBJ
D:\PROJECTS\CPSC43399.FINALPROJECT\FINALPROJECT\DEBUG\B2BROADPHASE.OBJ
D:\PROJECTS\CPSC43399.FINALPROJECT\FINALPROJECT\DEBUG\BOX2DDEBUGDRAW.OBJ
D:\PROJECTS\CPSC43399.FINALPROJECT\FINALPROJECT\DEBUG\ARTASSETLIBRARY.OBJ
D:\PROJECTS\CPSC43399.FINALPROJECT\FINALPROJECT\DEBUG\B2MOTORJOINT.OBJ
D:\PROJECTS\CPSC43399.FINALPROJECT\FINALPROJECT\DEBUG\B2JOINT.OBJ
D:\PROJECTS\CPSC43399.FINALPROJECT\FINALPROJECT\DEBUG\B2GEARJOINT.OBJ
D:\PROJECTS\CPSC43399.FINALPROJECT\FINALPROJECT\DEBUG\B2FRICTIONJOINT.OBJ
D:\PROJECTS\CPSC43399.FINALPROJECT\FINALPROJECT\DEBUG\B2DISTANCEJOINT.OBJ
D:\PROJECTS\CPSC43399.FINALPROJECT\FINALPROJECT\DEBUG\B2POLYGONCONTACT.OBJ
D:\PROJECTS\CPSC43399.FINALPROJECT\FINALPROJECT\DEBUG\B2POLYGONANDCIRCLECONTACT.OBJ
D:\PROJECTS\CPSC43399.FINALPROJECT\FINALPROJECT\DEBUG\B2EDGEANDPOLYGONCONTACT.OBJ
D:\PROJECTS\CPSC43399.FINALPROJECT\FINALPROJECT\DEBUG\B2EDGEANDCIRCLECONTACT.OBJ
D:\PROJECTS\CPSC43399.FINALPROJECT\FINALPROJECT\DEBUG\B2CONTACTSOLVER.OBJ
D:\PROJECTS\CPSC43399.FINALPROJECT\FINALPROJECT\DEBUG\B2CONTACT.OBJ
D:\PROJECTS\CPSC43399.FINALPROJECT\FINALPROJECT\DEBUG\B2CIRCLECONTACT.OBJ
D:\PROJECTS\CPSC43399.FINALPROJECT\FINALPROJECT\DEBUG\B2CHAINANDPOLYGONCONTACT.OBJ
D:\PROJECTS\CPSC43399.FINALPROJECT\FINALPROJECT\DEBUG\B2CHAINANDCIRCLECONTACT.OBJ
D:\PROJECTS\CPSC43399.FINALPROJECT\FINALPROJECT\DEBUG\B2WORLDCALLBACKS.OBJ
D:\PROJECTS\CPSC43399.FINALPROJECT\FINALPROJECT\DEBUG\B2WORLD.OBJ
D:\PROJECTS\CPSC43399.FINALPROJECT\FINALPROJECT\DEBUG\B2ISLAND.OBJ
D:\PROJECTS\CPSC43399.FINALPROJECT\FINALPROJECT\DEBUG\B2FIXTURE.OBJ
D:\PROJECTS\CPSC43399.FINALPROJECT\FINALPROJECT\DEBUG\B2CONTACTMANAGER.OBJ
D:\PROJECTS\CPSC43399.FINALPROJECT\FINALPROJECT\DEBUG\B2BODY.OBJ
D:\PROJECTS\CPSC43399.FINALPROJECT\FINALPROJECT\DEBUG\PLAYERFACTORY.OBJ
D:\PROJECTS\CPSC43399.FINALPROJECT\FINALPROJECT\DEBUG\PLAYER.OBJ
D:\PROJECTS\CPSC43399.FINALPROJECT\FINALPROJECT\DEBUG\PHYSICSASSETLIBRARY.OBJ
D:\PROJECTS\CPSC43399.FINALPROJECT\FINALPROJECT\DEBUG\MAIN.OBJ
D:\PROJECTS\CPSC43399.FINALPROJECT\FINALPROJECT\DEBUG\LEVELPARSER.OBJ
D:\PROJECTS\CPSC43399.FINALPROJECT\FINALPROJECT\DEBUG\INPUTDEVICE.OBJ
D:\PROJECTS\CPSC43399.FINALPROJECT\FINALPROJECT\DEBUG\GRAPHICSDEVICE.OBJ
D:\PROJECTS\CPSC43399.FINALPROJECT\FINALPROJECT\DEBUG\GAMESPRITE.OBJ
D:\PROJECTS\CPSC43399.FINALPROJECT\FINALPROJECT\DEBUG\GAMEPHYSICS.OBJ
D:\PROJECTS\CPSC43399.FINALPROJECT\FINALPROJECT\DEBUG\GAMEOBJECT.OBJ
D:\PROJECTS\CPSC43399.FINALPROJECT\FINALPROJECT\DEBUG\GAMEASSETLIBRARY.OBJ
D:\PROJECTS\CPSC43399.FINALPROJECT\FINALPROJECT\DEBUG\GAME.OBJ
D:\PROJECTS\CPSC43399.FINALPROJECT\FINALPROJECT\DEBUG\B2ROPE.OBJ
D:\PROJECTS\CPSC43399.FINALPROJECT\FINALPROJECT\DEBUG\B2WHEELJOINT.OBJ
D:\PROJECTS\CPSC43399.FINALPROJECT\FINALPROJECT\DEBUG\B2WELDJOINT.OBJ
D:\PROJECTS\CPSC43399.FINALPROJECT\FINALPROJECT\DEBUG\B2ROPEJOINT.OBJ
D:\PROJECTS\CPSC43399.FINALPROJECT\FINALPROJECT\DEBUG\B2REVOLUTEJOINT.OBJ
D:\PROJECTS\CPSC43399.FINALPROJECT\FINALPROJECT\DEBUG\B2PULLEYJOINT.OBJ
D:\PROJECTS\CPSC43399.FINALPROJECT\FINALPROJECT\DEBUG\B2PRISMATICJOINT.OBJ
D:\PROJECTS\CPSC43399.FINALPROJECT\FINALPROJECT\DEBUG\B2MOUSEJOINT.OBJ
D:\PROJECTS\CPSC43399.FINALPROJECT\FINALPROJECT\DEBUG\VIEW.OBJ
D:\PROJECTS\CPSC43399.FINALPROJECT\FINALPROJECT\DEBUG\TINYXMLPARSER.OBJ
D:\PROJECTS\CPSC43399.FINALPROJECT\FINALPROJECT\DEBUG\TINYXMLERROR.OBJ
D:\PROJECTS\CPSC43399.FINALPROJECT\FINALPROJECT\DEBUG\TINYXML.OBJ
D:\PROJECTS\CPSC43399.FINALPROJECT\FINALPROJECT\DEBUG\TINYSTR.OBJ
D:\PROJECTS\CPSC43399.FINALPROJECT\FINALPROJECT\DEBUG\VC110.PDB
D:\PROJECTS\DXGEISERT.HMWK.4\DEBUG\DXGEISERT.HMWK.4.ILK
D:\PROJECTS\DXGEISERT.HMWK.4\DEBUG\DXGEISERT.HMWK.4.EXE
D:\PROJECTS\DXGEISERT.HMWK.4\DEBUG\DXGEISERT.HMWK.4.PDB
D:\PROJECTS\CPSC43399.FINALPROJECT\DEBUG\FINALPROJECT.ILK
D:\PROJECTS\CPSC43399.FINALPROJECT\DEBUG\FINALPROJECT.EXE
D:\PROJECTS\CPSC43399.FINALPROJECT\DEBUG\FINALPROJECT.PDB
D:\Projects\CPSC43399.FinalProject\FinalProject\Debug\Agent.obj
D:\Projects\CPSC43399.FinalProject\FinalProject\Debug\ArtAssetLibrary.obj
D:\Projects\CPSC43399.FinalProject\FinalProject\Debug\b2BlockAllocator.obj
D:\Projects\CPSC43399.FinalProject\FinalProject\Debug\b2Body.obj
D:\Projects\CPSC43399.FinalProject\FinalProject\Debug\b2BroadPhase.obj
D:\Projects\CPSC43399.FinalProject\FinalProject\Debug\b2ChainAndCircleContact.obj
D:\Projects\CPSC43399.FinalProject\FinalProject\Debug\b2ChainAndPolygonContact.obj
D:\Projects\CPSC43399.FinalProject\FinalProject\Debug\b2ChainShape.obj
D:\Projects\CPSC43399.FinalProject\FinalProject\Debug\b2CircleContact.obj
D:\Projects\CPSC43399.FinalProject\FinalProject\Debug\b2CircleShape.obj
D:\Projects\CPSC43399.FinalProject\FinalProject\Debug\b2CollideCircle.obj
D:\Projects\CPSC43399.FinalProject\FinalProject\Debug\b2CollideEdge.obj
D:\Projects\CPSC43399.FinalProject\FinalProject\Debug\b2CollidePolygon.obj
D:\Projects\CPSC43399.FinalProject\FinalProject\Debug\b2Collision.obj
D:\Projects\CPSC43399.FinalProject\FinalProject\Debug\b2Contact.obj
D:\Projects\CPSC43399.FinalProject\FinalProject\Debug\b2ContactManager.obj
D:\Projects\CPSC43399.FinalProject\FinalProject\Debug\b2ContactSolver.obj
D:\Projects\CPSC43399.FinalProject\FinalProject\Debug\b2Distance.obj
D:\Projects\CPSC43399.FinalProject\FinalProject\Debug\b2DistanceJoint.obj
D:\Projects\CPSC43399.FinalProject\FinalProject\Debug\b2Draw.obj
D:\Projects\CPSC43399.FinalProject\FinalProject\Debug\b2DynamicTree.obj
D:\Projects\CPSC43399.FinalProject\FinalProject\Debug\b2EdgeAndCircleContact.obj
D:\Projects\CPSC43399.FinalProject\FinalProject\Debug\b2EdgeAndPolygonContact.obj
D:\Projects\CPSC43399.FinalProject\FinalProject\Debug\b2EdgeShape.obj
D:\Projects\CPSC43399.FinalProject\FinalProject\Debug\b2Fixture.obj
D:\Projects\CPSC43399.FinalProject\FinalProject\Debug\b2FrictionJoint.obj
D:\Projects\CPSC43399.FinalProject\FinalProject\Debug\b2GearJoint.obj
D:\Projects\CPSC43399.FinalProject\FinalProject\Debug\b2Island.obj
D:\Projects\CPSC43399.FinalProject\FinalProject\Debug\b2Joint.obj
D:\Projects\CPSC43399.FinalProject\FinalProject\Debug\b2Math.obj
D:\Projects\CPSC43399.FinalProject\FinalProject\Debug\b2MotorJoint.obj
D:\Projects\CPSC43399.FinalProject\FinalProject\Debug\b2MouseJoint.obj
D:\Projects\CPSC43399.FinalProject\FinalProject\Debug\b2PolygonAndCircleContact.obj
D:\Projects\CPSC43399.FinalProject\FinalProject\Debug\b2PolygonContact.obj
D:\Projects\CPSC43399.FinalProject\FinalProject\Debug\b2PolygonShape.obj
D:\Projects\CPSC43399.FinalProject\FinalProject\Debug\b2PrismaticJoint.obj
D:\Projects\CPSC43399.FinalProject\FinalProject\Debug\b2PulleyJoint.obj
D:\Projects\CPSC43399.FinalProject\FinalProject\Debug\b2RevoluteJoint.obj
D:\Projects\CPSC43399.FinalProject\FinalProject\Debug\b2Rope.obj
D:\Projects\CPSC43399.FinalProject\FinalProject\Debug\b2RopeJoint.obj
D:\Projects\CPSC43399.FinalProject\FinalProject\Debug\b2Settings.obj
D:\Projects\CPSC43399.FinalProject\FinalProject\Debug\b2StackAllocator.obj
D:\Projects\CPSC43399.FinalProject\FinalProject\Debug\b2TimeOfImpact.obj
D:\Projects\CPSC43399.FinalProject\FinalProject\Debug\b2Timer.obj
D:\Projects\CPSC43399.FinalProject\FinalProject\Debug\b2WeldJoint.obj
D:\Projects\CPSC43399.FinalProject\FinalProject\Debug\b2WheelJoint.obj
D:\Projects\CPSC43399.FinalProject\FinalProject\Debug\b2World.obj
D:\Projects\CPSC43399.FinalProject\FinalProject\Debug\b2WorldCallbacks.obj
D:\Projects\CPSC43399.FinalProject\FinalProject\Debug\Box2DDebugDraw.obj
D:\Projects\CPSC43399.FinalProject\FinalProject\Debug\Bullet.obj
D:\Projects\CPSC43399.FinalProject\FinalProject\Debug\BulletFactory.obj
D:\Projects\CPSC43399.FinalProject\FinalProject\Debug\Carrier.obj
D:\Projects\CPSC43399.FinalProject\FinalProject\Debug\CarrierFactory.obj
D:\Projects\CPSC43399.FinalProject\FinalProject\Debug\Environment.obj
D:\Projects\CPSC43399.FinalProject\FinalProject\Debug\Game.obj
D:\Projects\CPSC43399.FinalProject\FinalProject\Debug\GameAssetLibrary.obj
D:\Projects\CPSC43399.FinalProject\FinalProject\Debug\GameObject.obj
D:\Projects\CPSC43399.FinalProject\FinalProject\Debug\GamePhysics.obj
D:\Projects\CPSC43399.FinalProject\FinalProject\Debug\GameSprite.obj
D:\Projects\CPSC43399.FinalProject\FinalProject\Debug\GameTime.obj
D:\Projects\CPSC43399.FinalProject\FinalProject\Debug\GraphicsDevice.obj
D:\Projects\CPSC43399.FinalProject\FinalProject\Debug\Infantry.obj
D:\Projects\CPSC43399.FinalProject\FinalProject\Debug\InfantryFactory.obj
D:\Projects\CPSC43399.FinalProject\FinalProject\Debug\InputDevice.obj
D:\Projects\CPSC43399.FinalProject\FinalProject\Debug\LevelParser.obj
D:\Projects\CPSC43399.FinalProject\FinalProject\Debug\Main.obj
D:\Projects\CPSC43399.FinalProject\FinalProject\Debug\PhysicsAssetLibrary.obj
D:\Projects\CPSC43399.FinalProject\FinalProject\Debug\Player.obj
D:\Projects\CPSC43399.FinalProject\FinalProject\Debug\PlayerContactListener.obj
D:\Projects\CPSC43399.FinalProject\FinalProject\Debug\PlayerFactory.obj
D:\Projects\CPSC43399.FinalProject\FinalProject\Debug\Rock.obj
D:\Projects\CPSC43399.FinalProject\FinalProject\Debug\RockFactory.obj
D:\Projects\CPSC43399.FinalProject\FinalProject\Debug\Settings.obj
D:\Projects\CPSC43399.FinalProject\FinalProject\Debug\Tank.obj
D:\Projects\CPSC43399.FinalProject\FinalProject\Debug\TankFactory.obj
D:\Projects\CPSC43399.FinalProject\FinalProject\Debug\tinystr.obj
D:\Projects\CPSC43399.FinalProject\FinalProject\Debug\tinyxml.obj
D:\Projects\CPSC43399.FinalProject\FinalProject\Debug\tinyxmlerror.obj
D:\Projects\CPSC43399.FinalProject\FinalProject\Debug\tinyxmlparser.obj
D:\Projects\CPSC43399.FinalProject\FinalProject\Debug\Tree.obj
D:\Projects\CPSC43399.FinalProject\FinalProject\Debug\TreeFactory.obj
D:\Projects\CPSC43399.FinalProject\FinalProject\Debug\Turret.obj
D:\Projects\CPSC43399.FinalProject\FinalProject\Debug\TurretFactory.obj
D:\Projects\CPSC43399.FinalProject\FinalProject\Debug\View.obj
D:\Projects\CPSC43399.FinalProject\FinalProject\Debug\cl.command.1.tlog
D:\Projects\CPSC43399.FinalProject\FinalProject\Debug\CL.read.1.tlog
D:\Projects\CPSC43399.FinalProject\FinalProject\Debug\CL.write.1.tlog
D:\Projects\CPSC43399.FinalProject\FinalProject\Debug\link-cvtres.read.1.tlog
D:\Projects\CPSC43399.FinalProject\FinalProject\Debug\link-cvtres.write.1.tlog
D:\Projects\CPSC43399.FinalProject\FinalProject\Debug\link-rc.read.1.tlog
D:\Projects\CPSC43399.FinalProject\FinalProject\Debug\link-rc.write.1.tlog
D:\Projects\CPSC43399.FinalProject\FinalProject\Debug\link.1700-cvtres.read.1.tlog
D:\Projects\CPSC43399.FinalProject\FinalProject\Debug\link.1700-cvtres.write.1.tlog
D:\Projects\CPSC43399.FinalProject\FinalProject\Debug\link.1700-rc.read.1.tlog
D:\Projects\CPSC43399.FinalProject\FinalProject\Debug\link.1700-rc.write.1.tlog
D:\Projects\CPSC43399.FinalProject\FinalProject\Debug\link.1700.read.1.tlog
D:\Projects\CPSC43399.FinalProject\FinalProject\Debug\link.1700.write.1.tlog
D:\Projects\CPSC43399.FinalProject\FinalProject\Debug\link.2168-cvtres.read.1.tlog
D:\Projects\CPSC43399.FinalProject\FinalProject\Debug\link.2168-cvtres.write.1.tlog
D:\Projects\CPSC43399.FinalProject\FinalProject\Debug\link.2168-rc.read.1.tlog
D:\Projects\CPSC43399.FinalProject\FinalProject\Debug\link.2168-rc.write.1.tlog
D:\Projects\CPSC43399.FinalProject\FinalProject\Debug\link.2168.read.1.tlog
D:\Projects\CPSC43399.FinalProject\FinalProject\Debug\link.2168.write.1.tlog
D:\Projects\CPSC43399.FinalProject\FinalProject\Debug\link.2616-cvtres.read.1.tlog
D:\Projects\CPSC43399.FinalProject\FinalProject\Debug\link.2616-cvtres.write.1.tlog
D:\Projects\CPSC43399.FinalProject\FinalProject\Debug\link.2616-rc.read.1.tlog
D:\Projects\CPSC43399.FinalProject\FinalProject\Debug\link.2616-rc.write.1.tlog
D:\Projects\CPSC43399.FinalProject\FinalProject\Debug\link.2616.read.1.tlog
D:\Projects\CPSC43399.FinalProject\FinalProject\Debug\link.2616.write.1.tlog
D:\Projects\CPSC43399.FinalProject\FinalProject\Debug\link.3124-cvtres.read.1.tlog
D:\Projects\CPSC43399.FinalProject\FinalProject\Debug\link.3124-cvtres.write.1.tlog
D:\Projects\CPSC43399.FinalProject\FinalProject\Debug\link.3124-rc.read.1.tlog
D:\Projects\CPSC43399.FinalProject\FinalProject\Debug\link.3124-rc.write.1.tlog
D:\Projects\CPSC43399.FinalProject\FinalProject\Debug\link.3124.read.1.tlog
D:\Projects\CPSC43399.FinalProject\FinalProject\Debug\link.3124.write.1.tlog
D:\Projects\CPSC43399.FinalProject\FinalProject\Debug\link.4020-cvtres.read.1.tlog
D:\Projects\CPSC43399.FinalProject\FinalProject\Debug\link.4020-cvtres.write.1.tlog
D:\Projects\CPSC43399.FinalProject\FinalProject\Debug\link.4020-rc.read.1.tlog
D:\Projects\CPSC43399.FinalProject\FinalProject\Debug\link.4020-rc.write.1.tlog
D:\Projects\CPSC43399.FinalProject\FinalProject\Debug\link.4020.read.1.tlog
D:\Projects\CPSC43399.FinalProject\FinalProject\Debug\link.4020.write.1.tlog
D:\Projects\CPSC43399.FinalProject\FinalProject\Debug\link.404-cvtres.read.1.tlog
D:\Projects\CPSC43399.FinalProject\FinalProject\Debug\link.404-cvtres.write.1.tlog
D:\Projects\CPSC43399.FinalProject\FinalProject\Debug\link.404-rc.read.1.tlog
D:\Projects\CPSC43399.FinalProject\FinalProject\Debug\link.404-rc.write.1.tlog
D:\Projects\CPSC43399.FinalProject\FinalProject\Debug\link.404.read.1.tlog
D:\Projects\CPSC43399.FinalProject\FinalProject\Debug\link.404.write.1.tlog
D:\Projects\CPSC43399.FinalProject\FinalProject\Debug\link.4080-cvtres.read.1.tlog
D:\Projects\CPSC43399.FinalProject\FinalProject\Debug\link.4080-cvtres.write.1.tlog
D:\Projects\CPSC43399.FinalProject\FinalProject\Debug\link.4080-rc.read.1.tlog
D:\Projects\CPSC43399.FinalProject\FinalProject\Debug\link.4080-rc.write.1.tlog
D:\Projects\CPSC43399.FinalProject\FinalProject\Debug\link.4080.read.1.tlog
D:\Projects\CPSC43399.FinalProject\FinalProject\Debug\link.4080.write.1.tlog
D:\Projects\CPSC43399.FinalProject\FinalProject\Debug\link.4180-cvtres.read.1.tlog
D:\Projects\CPSC43399.FinalProject\FinalProject\Debug\link.4180-cvtres.write.1.tlog
D:\Projects\CPSC43399.FinalProject\FinalProject\Debug\link.4180-rc.read.1.tlog
D:\Projects\CPSC43399.FinalProject\FinalProject\Debug\link.4180-rc.write.1.tlog
D:\Projects\CPSC43399.FinalProject\FinalProject\Debug\link.4180.read.1.tlog
D:\Projects\CPSC43399.FinalProject\FinalProject\Debug\link.4180.write.1.tlog
D:\Projects\CPSC43399.FinalProject\FinalProject\Debug\link.4724-cvtres.read.1.tlog
D:\Projects\CPSC43399.FinalProject\FinalProject\Debug\link.4724-cvtres.write.1.tlog
D:\Projects\CPSC43399.FinalProject\FinalProject\Debug\link.4724-rc.read.1.tlog
D:\Projects\CPSC43399.FinalProject\FinalProject\Debug\link.4724-rc.write.1.tlog
D:\Projects\CPSC43399.FinalProject\FinalProject\Debug\link.4724.read.1.tlog
D:\Projects\CPSC43399.FinalProject\FinalProject\Debug\link.4724.write.1.tlog
D:\Projects\CPSC43399.FinalProject\FinalProject\Debug\link.4820-cvtres.read.1.tlog
D:\Projects\CPSC43399.FinalProject\FinalProject\Debug\link.4820-cvtres.write.1.tlog
D:\Projects\CPSC43399.FinalProject\FinalProject\Debug\link.4820-rc.read.1.tlog
D:\Projects\CPSC43399.FinalProject\FinalProject\Debug\link.4820-rc.write.1.tlog
D:\Projects\CPSC43399.FinalProject\FinalProject\Debug\link.4820.read.1.tlog
D:\Projects\CPSC43399.FinalProject\FinalProject\Debug\link.4820.write.1.tlog
D:\Projects\CPSC43399.FinalProject\FinalProject\Debug\link.4876-cvtres.read.1.tlog
D:\Projects\CPSC43399.FinalProject\FinalProject\Debug\link.4876-cvtres.write.1.tlog
D:\Projects\CPSC43399.FinalProject\FinalProject\Debug\link.4876-rc.read.1.tlog
D:\Projects\CPSC43399.FinalProject\FinalProject\Debug\link.4876-rc.write.1.tlog
D:\Projects\CPSC43399.FinalProject\FinalProject\Debug\link.4876.read.1.tlog
D:\Projects\CPSC43399.FinalProject\FinalProject\Debug\link.4876.write.1.tlog
D:\Projects\CPSC43399.FinalProject\FinalProject\Debug\link.5192-cvtres.read.1.tlog
D:\Projects\CPSC43399.FinalProject\FinalProject\Debug\link.5192-cvtres.write.1.tlog
D:\Projects\CPSC43399.FinalProject\FinalProject\Debug\link.5192-rc.read.1.tlog
D:\Projects\CPSC43399.FinalProject\FinalProject\Debug\link.5192-rc.write.1.tlog
D:\Projects\CPSC43399.FinalProject\FinalProject\Debug\link.5192.read.1.tlog
D:\Projects\CPSC43399.FinalProject\FinalProject\Debug\link.5192.write.1.tlog
D:\Projects\CPSC43399.FinalProject\FinalProject\Debug\link.5288-cvtres.read.1.tlog
D:\Projects\CPSC43399.FinalProject\FinalProject\Debug\link.5288-cvtres.write.1.tlog
D:\Projects\CPSC43399.FinalProject\FinalProject\Debug\link.5288-rc.read.1.tlog
D:\Projects\CPSC43399.FinalProject\FinalProject\Debug\link.5288-rc.write.1.tlog
D:\Projects\CPSC43399.FinalProject\FinalProject\Debug\link.5288.read.1.tlog
D:\Projects\CPSC43399.FinalProject\FinalProject\Debug\link.5288.write.1.tlog
D:\Projects\CPSC43399.FinalProject\FinalProject\Debug\link.5324-cvtres.read.1.tlog
D:\Projects\CPSC43399.FinalProject\FinalProject\Debug\link.5324-cvtres.write.1.tlog
D:\Projects\CPSC43399.FinalProject\FinalProject\Debug\link.5324-rc.read.1.tlog
D:\Projects\CPSC43399.FinalProject\FinalProject\Debug\link.5324-rc.write.1.tlog
D:\Projects\CPSC43399.FinalProject\FinalProject\Debug\link.5324.read.1.tlog
D:\Projects\CPSC43399.FinalProject\FinalProject\Debug\link.5324.write.1.tlog
D:\Projects\CPSC43399.FinalProject\FinalProject\Debug\link.5656-cvtres.read.1.tlog
D:\Projects\CPSC43399.FinalProject\FinalProject\Debug\link.5656-cvtres.write.1.tlog
D:\Projects\CPSC43399.FinalProject\FinalProject\Debug\link.5656-rc.read.1.tlog
D:\Projects\CPSC43399.FinalProject\FinalProject\Debug\link.5656-rc.write.1.tlog
D:\Projects\CPSC43399.FinalProject\FinalProject\Debug\link.5656.read.1.tlog
D:\Projects\CPSC43399.FinalProject\FinalProject\Debug\link.5656.write.1.tlog
D:\Projects\CPSC43399.FinalProject\FinalProject\Debug\link.5856-cvtres.read.1.tlog
D:\Projects\CPSC43399.FinalProject\FinalProject\Debug\link.5856-cvtres.write.1.tlog
D:\Projects\CPSC43399.FinalProject\FinalProject\Debug\link.5856-rc.read.1.tlog
D:\Projects\CPSC43399.FinalProject\FinalProject\Debug\link.5856-rc.write.1.tlog
D:\Projects\CPSC43399.FinalProject\FinalProject\Debug\link.5856.read.1.tlog
D:\Projects\CPSC43399.FinalProject\FinalProject\Debug\link.5856.write.1.tlog
D:\Projects\CPSC43399.FinalProject\FinalProject\Debug\link.6068-cvtres.read.1.tlog
D:\Projects\CPSC43399.FinalProject\FinalProject\Debug\link.6068-cvtres.write.1.tlog
D:\Projects\CPSC43399.FinalProject\FinalProject\Debug\link.6068-rc.read.1.tlog
D:\Projects\CPSC43399.FinalProject\FinalProject\Debug\link.6068-rc.write.1.tlog
D:\Projects\CPSC43399.FinalProject\FinalProject\Debug\link.6068.read.1.tlog
D:\Projects\CPSC43399.FinalProject\FinalProject\Debug\link.6068.write.1.tlog
D:\Projects\CPSC43399.FinalProject\FinalProject\Debug\link.6220-cvtres.read.1.tlog
D:\Projects\CPSC43399.FinalProject\FinalProject\Debug\link.6220-cvtres.write.1.tlog
D:\Projects\CPSC43399.FinalProject\FinalProject\Debug\link.6220-rc.read.1.tlog
D:\Projects\CPSC43399.FinalProject\FinalProject\Debug\link.6220-rc.write.1.tlog
D:\Projects\CPSC43399.FinalProject\FinalProject\Debug\link.6220.read.1.tlog
D:\Projects\CPSC43399.FinalProject\FinalProject\Debug\link.6220.write.1.tlog
D:\Projects\CPSC43399.FinalProject\FinalProject\Debug\link.6508-cvtres.read.1.tlog
D:\Projects\CPSC43399.FinalProject\FinalProject\Debug\link.6508-cvtres.write.1.tlog
D:\Projects\CPSC43399.FinalProject\FinalProject\Debug\link.6508-rc.read.1.tlog
D:\Projects\CPSC43399.FinalProject\FinalProject\Debug\link.6508-rc.write.1.tlog
D:\Projects\CPSC43399.FinalProject\FinalProject\Debug\link.6508.read.1.tlog
D:\Projects\CPSC43399.FinalProject\FinalProject\Debug\link.6508.write.1.tlog
D:\Projects\CPSC43399.FinalProject\FinalProject\Debug\link.668-cvtres.read.1.tlog
D:\Projects\CPSC43399.FinalProject\FinalProject\Debug\link.668-cvtres.write.1.tlog
D:\Projects\CPSC43399.FinalProject\FinalProject\Debug\link.668-rc.read.1.tlog
D:\Projects\CPSC43399.FinalProject\FinalProject\Debug\link.668-rc.write.1.tlog
D:\Projects\CPSC43399.FinalProject\FinalProject\Debug\link.668.read.1.tlog
D:\Projects\CPSC43399.FinalProject\FinalProject\Debug\link.668.write.1.tlog
D:\Projects\CPSC43399.FinalProject\FinalProject\Debug\link.6860-cvtres.read.1.tlog
D:\Projects\CPSC43399.FinalProject\FinalProject\Debug\link.6860-cvtres.write.1.tlog
D:\Projects\CPSC43399.FinalProject\FinalProject\Debug\link.6860-rc.read.1.tlog
D:\Projects\CPSC43399.FinalProject\FinalProject\Debug\link.6860-rc.write.1.tlog
D:\Projects\CPSC43399.FinalProject\FinalProject\Debug\link.6860.read.1.tlog
D:\Projects\CPSC43399.FinalProject\FinalProject\Debug\link.6860.write.1.tlog
D:\Projects\CPSC43399.FinalProject\FinalProject\Debug\link.6976-cvtres.read.1.tlog
D:\Projects\CPSC43399.FinalProject\FinalProject\Debug\link.6976-cvtres.write.1.tlog
D:\Projects\CPSC43399.FinalProject\FinalProject\Debug\link.6976-rc.read.1.tlog
D:\Projects\CPSC43399.FinalProject\FinalProject\Debug\link.6976-rc.write.1.tlog
D:\Projects\CPSC43399.FinalProject\FinalProject\Debug\link.6976.read.1.tlog
D:\Projects\CPSC43399.FinalProject\FinalProject\Debug\link.6976.write.1.tlog
D:\Projects\CPSC43399.FinalProject\FinalProject\Debug\link.7336-cvtres.read.1.tlog
D:\Projects\CPSC43399.FinalProject\FinalProject\Debug\link.7336-cvtres.write.1.tlog
D:\Projects\CPSC43399.FinalProject\FinalProject\Debug\link.7336-rc.read.1.tlog
D:\Projects\CPSC43399.FinalProject\FinalProject\Debug\link.7336-rc.write.1.tlog
D:\Projects\CPSC43399.FinalProject\FinalProject\Debug\link.7336.read.1.tlog
D:\Projects\CPSC43399.FinalProject\FinalProject\Debug\link.7336.write.1.tlog
D:\Projects\CPSC43399.FinalProject\FinalProject\Debug\link.7436-cvtres.read.1.tlog
D:\Projects\CPSC43399.FinalProject\FinalProject\Debug\link.7436-cvtres.write.1.tlog
D:\Projects\CPSC43399.FinalProject\FinalProject\Debug\link.7436-rc.read.1.tlog
D:\Projects\CPSC43399.FinalProject\FinalProject\Debug\link.7436-rc.write.1.tlog
D:\Projects\CPSC43399.FinalProject\FinalProject\Debug\link.7436.read.1.tlog
D:\Projects\CPSC43399.FinalProject\FinalProject\Debug\link.7436.write.1.tlog
D:\Projects\CPSC43399.FinalProject\FinalProject\Debug\link.7844-cvtres.read.1.tlog
D:\Projects\CPSC43399.FinalProject\FinalProject\Debug\link.7844-cvtres.write.1.tlog
D:\Projects\CPSC43399.FinalProject\FinalProject\Debug\link.7844-rc.read.1.tlog
D:\Projects\CPSC43399.FinalProject\FinalProject\Debug\link.7844-rc.write.1.tlog
D:\Projects\CPSC43399.FinalProject\FinalProject\Debug\link.7844.read.1.tlog
D:\Projects\CPSC43399.FinalProject\FinalProject\Debug\link.7844.write.1.tlog
D:\Projects\CPSC43399.FinalProject\FinalProject\Debug\link.7856-cvtres.read.1.tlog
D:\Projects\CPSC43399.FinalProject\FinalProject\Debug\link.7856-cvtres.write.1.tlog
D:\Projects\CPSC43399.FinalProject\FinalProject\Debug\link.7856-rc.read.1.tlog
D:\Projects\CPSC43399.FinalProject\FinalProject\Debug\link.7856-rc.write.1.tlog
D:\Projects\CPSC43399.FinalProject\FinalProject\Debug\link.7856.read.1.tlog
D:\Projects\CPSC43399.FinalProject\FinalProject\Debug\link.7856.write.1.tlog
D:\Projects\CPSC43399.FinalProject\FinalProject\Debug\link.7916-cvtres.read.1.tlog
D:\Projects\CPSC43399.FinalProject\FinalProject\Debug\link.7916-cvtres.write.1.tlog
D:\Projects\CPSC43399.FinalProject\FinalProject\Debug\link.7916-rc.read.1.tlog
D:\Projects\CPSC43399.FinalProject\FinalProject\Debug\link.7916-rc.write.1.tlog
D:\Projects\CPSC43399.FinalProject\FinalProject\Debug\link.7916.read.1.tlog
D:\Projects\CPSC43399.FinalProject\FinalProject\Debug\link.7916.write.1.tlog
D:\Projects\CPSC43399.FinalProject\FinalProject\Debug\link.8176-cvtres.read.1.tlog
D:\Projects\CPSC43399.FinalProject\FinalProject\Debug\link.8176-cvtres.write.1.tlog
D:\Projects\CPSC43399.FinalProject\FinalProject\Debug\link.8176-rc.read.1.tlog
D:\Projects\CPSC43399.FinalProject\FinalProject\Debug\link.8176-rc.write.1.tlog
D:\Projects\CPSC43399.FinalProject\FinalProject\Debug\link.8176.read.1.tlog
D:\Projects\CPSC43399.FinalProject\FinalProject\Debug\link.8176.write.1.tlog
D:\Projects\CPSC43399.FinalProject\FinalProject\Debug\link.84028-cvtres.read.1.tlog
D:\Projects\CPSC43399.FinalProject\FinalProject\Debug\link.84028-cvtres.write.1.tlog
D:\Projects\CPSC43399.FinalProject\FinalProject\Debug\link.84028-rc.read.1.tlog
D:\Projects\CPSC43399.FinalProject\FinalProject\Debug\link.84028-rc.write.1.tlog
D:\Projects\CPSC43399.FinalProject\FinalProject\Debug\link.84028.read.1.tlog
D:\Projects\CPSC43399.FinalProject\FinalProject\Debug\link.84028.write.1.tlog
D:\Projects\CPSC43399.FinalProject\FinalProject\Debug\link.84664-cvtres.read.1.tlog
D:\Projects\CPSC43399.FinalProject\FinalProject\Debug\link.84664-cvtres.write.1.tlog
D:\Projects\CPSC43399.FinalProject\FinalProject\Debug\link.84664-rc.read.1.tlog
D:\Projects\CPSC43399.FinalProject\FinalProject\Debug\link.84664-rc.write.1.tlog
D:\Projects\CPSC43399.FinalProject\FinalProject\Debug\link.84664.read.1.tlog
D:\Projects\CPSC43399.FinalProject\FinalProject\Debug\link.84664.write.1.tlog
D:\Projects\CPSC43399.FinalProject\FinalProject\Debug\link.85052-cvtres.read.1.tlog
D:\Projects\CPSC43399.FinalProject\FinalProject\Debug\link.85052-cvtres.write.1.tlog
D:\Projects\CPSC43399.FinalProject\FinalProject\Debug\link.85052-rc.read.1.tlog
D:\Projects\CPSC43399.FinalProject\FinalProject\Debug\link.85052-rc.write.1.tlog
D:\Projects\CPSC43399.FinalProject\FinalProject\Debug\link.85052.read.1.tlog
D:\Projects\CPSC43399.FinalProject\FinalProject\Debug\link.85052.write.1.tlog
D:\Projects\CPSC43399.FinalProject\FinalProject\Debug\link.856-cvtres.read.1.tlog
D:\Projects\CPSC43399.FinalProject\FinalProject\Debug\link.856-cvtres.write.1.tlog
D:\Projects\CPSC43399.FinalProject\FinalProject\Debug\link.856-rc.read.1.tlog
D:\Projects\CPSC43399.FinalProject\FinalProject\Debug\link.856-rc.write.1.tlog
D:\Projects\CPSC43399.FinalProject\FinalProject\Debug\link.856.read.1.tlog
D:\Projects\CPSC43399.FinalProject\FinalProject\Debug\link.856.write.1.tlog
D:\Projects\CPSC43399.FinalProject\FinalProject\Debug\link.860-cvtres.read.1.tlog
D:\Projects\CPSC43399.FinalProject\FinalProject\Debug\link.860-cvtres.write.1.tlog
D:\Projects\CPSC43399.FinalProject\FinalProject\Debug\link.860-rc.read.1.tlog
D:\Projects\CPSC43399.FinalProject\FinalProject\Debug\link.860-rc.write.1.tlog
D:\Projects\CPSC43399.FinalProject\FinalProject\Debug\link.860.read.1.tlog
D:\Projects\CPSC43399.FinalProject\FinalProject\Debug\link.860.write.1.tlog
D:\Projects\CPSC43399.FinalProject\FinalProject\Debug\link.876-cvtres.read.1.tlog
D:\Projects\CPSC43399.FinalProject\FinalProject\Debug\link.876-cvtres.write.1.tlog
D:\Projects\CPSC43399.FinalProject\FinalProject\Debug\link.876-rc.read.1.tlog
D:\Projects\CPSC43399.FinalProject\FinalProject\Debug\link.876-rc.write.1.tlog
D:\Projects\CPSC43399.FinalProject\FinalProject\Debug\link.876.read.1.tlog
D:\Projects\CPSC43399.FinalProject\FinalProject\Debug\link.876.write.1.tlog
D:\Projects\CPSC43399.FinalProject\FinalProject\Debug\link.9420-cvtres.read.1.tlog
D:\Projects\CPSC43399.FinalProject\FinalProject\Debug\link.9420-cvtres.write.1.tlog
D:\Projects\CPSC43399.FinalProject\FinalProject\Debug\link.9420-rc.read.1.tlog
D:\Projects\CPSC43399.FinalProject\FinalProject\Debug\link.9420-rc.write.1.tlog
D:\Projects\CPSC43399.FinalProject\FinalProject\Debug\link.9420.read.1.tlog
D:\Projects\CPSC43399.FinalProject\FinalProject\Debug\link.9420.write.1.tlog
D:\Projects\CPSC43399.FinalProject\FinalProject\Debug\link.command.1.tlog
D:\Projects\CPSC43399.FinalProject\FinalProject\Debug\link.read.1.tlog
D:\Projects\CPSC43399.FinalProject\FinalProject\Debug\link.write.1.tlog
D:\Projects\CPSC43399.FinalProject\FinalProject\Debug\vc110.idb
D:\Projects\CPSC43399.FinalProject\FinalProject\Debug\vc110.pdb
D:\Projects\CPSC43399.FinalProject\Debug\FinalProject.pdb
D:\Projects\CPSC43399.FinalProject\Debug\FinalProject.exe
D:\Projects\CPSC43399.FinalProject\Debug\FinalProject.ilk
